c:\users\stefan\documents\visual studio 2015\projects\os2project\os2project\debug\vc140.pdb
c:\users\stefan\documents\visual studio 2015\projects\os2project\os2project\debug\vc140.idb
c:\users\stefan\documents\visual studio 2015\projects\os2project\os2project\debug\main.obj
c:\users\stefan\documents\visual studio 2015\projects\os2project\os2project\debug\processtest.obj
c:\users\stefan\documents\visual studio 2015\projects\os2project\os2project\debug\randomnumbergenerator.obj
c:\users\stefan\documents\visual studio 2015\projects\os2project\os2project\debug\systemtest.obj
c:\users\stefan\documents\visual studio 2015\projects\os2project\os2project\debug\element.obj
c:\users\stefan\documents\visual studio 2015\projects\os2project\os2project\debug\firstlevelentry.obj
c:\users\stefan\documents\visual studio 2015\projects\os2project\os2project\debug\firstleveltable.obj
c:\users\stefan\documents\visual studio 2015\projects\os2project\os2project\debug\freelist.obj
c:\users\stefan\documents\visual studio 2015\projects\os2project\os2project\debug\freelistiterator.obj
c:\users\stefan\documents\visual studio 2015\projects\os2project\os2project\debug\kernelprocess.obj
c:\users\stefan\documents\visual studio 2015\projects\os2project\os2project\debug\kernelsystem.obj
c:\users\stefan\documents\visual studio 2015\projects\os2project\os2project\debug\pmtentry.obj
c:\users\stefan\documents\visual studio 2015\projects\os2project\os2project\debug\process.obj
c:\users\stefan\documents\visual studio 2015\projects\os2project\os2project\debug\secondchance.obj
c:\users\stefan\documents\visual studio 2015\projects\os2project\os2project\debug\secondleveltable.obj
c:\users\stefan\documents\visual studio 2015\projects\os2project\os2project\debug\system.obj
c:\users\stefan\documents\visual studio 2015\projects\os2project\debug\os2project.ilk
c:\users\stefan\documents\visual studio 2015\projects\os2project\debug\os2project.exe
c:\users\stefan\documents\visual studio 2015\projects\os2project\debug\os2project.pdb
c:\users\stefan\documents\visual studio 2015\projects\os2project\os2project\debug\os2project.tlog\cl.command.1.tlog
c:\users\stefan\documents\visual studio 2015\projects\os2project\os2project\debug\os2project.tlog\cl.read.1.tlog
c:\users\stefan\documents\visual studio 2015\projects\os2project\os2project\debug\os2project.tlog\cl.write.1.tlog
c:\users\stefan\documents\visual studio 2015\projects\os2project\os2project\debug\os2project.tlog\link.command.1.tlog
c:\users\stefan\documents\visual studio 2015\projects\os2project\os2project\debug\os2project.tlog\link.read.1.tlog
c:\users\stefan\documents\visual studio 2015\projects\os2project\os2project\debug\os2project.tlog\link.write.1.tlog
